[debug] [2025-05-03T07:57:51.385Z] ----------------------------------------------------------------------
[debug] [2025-05-03T07:57:51.401Z] Command:       /nix/store/56fk3hhkk2lw9q5wdlq0v1ns65scwja4-nodejs-20.19.0/bin/node /home/user/.global_modules/bin/firebase deploy
[debug] [2025-05-03T07:57:51.402Z] CLI Version:   14.2.2
[debug] [2025-05-03T07:57:51.403Z] Platform:      linux
[debug] [2025-05-03T07:57:51.403Z] Node Version:  v20.19.0
[debug] [2025-05-03T07:57:51.403Z] Time:          Sat May 03 2025 07:57:51 GMT+0000 (Coordinated Universal Time)
[debug] [2025-05-03T07:57:51.403Z] ----------------------------------------------------------------------
[debug] 
[debug] [2025-05-03T07:57:52.010Z] > command requires scopes: ["email","openid","https://www.googleapis.com/auth/cloudplatformprojects.readonly","https://www.googleapis.com/auth/firebase","https://www.googleapis.com/auth/cloud-platform"]
[debug] [2025-05-03T07:57:52.011Z] > authorizing via signed-in user (merandafreiner3@gmail.com)
[debug] [2025-05-03T07:57:52.011Z] [iam] checking project ava-sms for permissions ["cloudconfig.configs.get","cloudconfig.configs.update","cloudsql.databases.create","cloudsql.databases.update","cloudsql.instances.connect","cloudsql.instances.create","cloudsql.instances.get","cloudsql.instances.list","cloudsql.instances.update","cloudsql.users.create","firebase.projects.get","firebasedatabase.instances.update","firebasedataconnect.connectors.create","firebasedataconnect.connectors.delete","firebasedataconnect.connectors.list","firebasedataconnect.connectors.update","firebasedataconnect.operations.get","firebasedataconnect.schemas.create","firebasedataconnect.schemas.delete","firebasedataconnect.schemas.list","firebasedataconnect.schemas.update","firebasedataconnect.services.create","firebasedataconnect.services.delete","firebasedataconnect.services.list","firebasedataconnect.services.update","firebaserules.releases.create","firebaserules.releases.update","firebaserules.rulesets.create",null]
[debug] [2025-05-03T07:57:52.013Z] Checked if tokens are valid: true, expires at: 1746260495057
[debug] [2025-05-03T07:57:52.014Z] Checked if tokens are valid: true, expires at: 1746260495057
[debug] [2025-05-03T07:57:52.016Z] >>> [apiv2][query] POST https://cloudresourcemanager.googleapis.com/v1/projects/ava-sms:testIamPermissions [none]
[debug] [2025-05-03T07:57:52.016Z] >>> [apiv2][(partial)header] POST https://cloudresourcemanager.googleapis.com/v1/projects/ava-sms:testIamPermissions x-goog-quota-user=projects/ava-sms
[debug] [2025-05-03T07:57:52.017Z] >>> [apiv2][body] POST https://cloudresourcemanager.googleapis.com/v1/projects/ava-sms:testIamPermissions {"permissions":["cloudconfig.configs.get","cloudconfig.configs.update","cloudsql.databases.create","cloudsql.databases.update","cloudsql.instances.connect","cloudsql.instances.create","cloudsql.instances.get","cloudsql.instances.list","cloudsql.instances.update","cloudsql.users.create","firebase.projects.get","firebasedatabase.instances.update","firebasedataconnect.connectors.create","firebasedataconnect.connectors.delete","firebasedataconnect.connectors.list","firebasedataconnect.connectors.update","firebasedataconnect.operations.get","firebasedataconnect.schemas.create","firebasedataconnect.schemas.delete","firebasedataconnect.schemas.list","firebasedataconnect.schemas.update","firebasedataconnect.services.create","firebasedataconnect.services.delete","firebasedataconnect.services.list","firebasedataconnect.services.update","firebaserules.releases.create","firebaserules.releases.update","firebaserules.rulesets.create",null]}
[debug] [2025-05-03T07:57:52.280Z] <<< [apiv2][status] POST https://cloudresourcemanager.googleapis.com/v1/projects/ava-sms:testIamPermissions 200
[debug] [2025-05-03T07:57:52.280Z] <<< [apiv2][body] POST https://cloudresourcemanager.googleapis.com/v1/projects/ava-sms:testIamPermissions {"permissions":["cloudconfig.configs.get","cloudconfig.configs.update","cloudsql.databases.create","cloudsql.databases.update","cloudsql.instances.connect","cloudsql.instances.create","cloudsql.instances.get","cloudsql.instances.list","cloudsql.instances.update","cloudsql.users.create","firebase.projects.get","firebasedatabase.instances.update","firebasedataconnect.connectors.create","firebasedataconnect.connectors.delete","firebasedataconnect.connectors.list","firebasedataconnect.connectors.update","firebasedataconnect.operations.get","firebasedataconnect.schemas.create","firebasedataconnect.schemas.delete","firebasedataconnect.schemas.list","firebasedataconnect.schemas.update","firebasedataconnect.services.create","firebasedataconnect.services.delete","firebasedataconnect.services.list","firebasedataconnect.services.update","firebaserules.releases.create","firebaserules.releases.update","firebaserules.rulesets.create"]}
[debug] [2025-05-03T07:57:52.281Z] [iam] error while checking permissions, command may fail: Authorization failed. This account is missing the following required permissions on project ava-sms:

  
[debug] [2025-05-03T07:57:52.282Z] Checked if tokens are valid: true, expires at: 1746260495057
[debug] [2025-05-03T07:57:52.282Z] Checked if tokens are valid: true, expires at: 1746260495057
[debug] [2025-05-03T07:57:52.285Z] >>> [apiv2][query] GET https://firebase.googleapis.com/v1beta1/projects/ava-sms [none]
[debug] [2025-05-03T07:57:52.602Z] <<< [apiv2][status] GET https://firebase.googleapis.com/v1beta1/projects/ava-sms 200
[debug] [2025-05-03T07:57:52.603Z] <<< [apiv2][body] GET https://firebase.googleapis.com/v1beta1/projects/ava-sms {"projectId":"ava-sms","projectNumber":"776115198957","displayName":"ava sms","name":"projects/ava-sms","resources":{"hostingSite":"ava-sms","realtimeDatabaseInstance":"ava-sms-default-rtdb"},"state":"ACTIVE","etag":"1_f8e79923-f4c4-4570-90fe-0b6d141ce9c3"}
[info] 
[info] === Deploying to 'ava-sms'...
[info] 
[info] i  deploying database, storage, remoteconfig, extensions, dataconnect 
[info] i  database: checking rules syntax... 
[debug] [2025-05-03T07:57:52.614Z] Checked if tokens are valid: true, expires at: 1746260495057
[debug] [2025-05-03T07:57:52.614Z] Checked if tokens are valid: true, expires at: 1746260495057
[debug] [2025-05-03T07:57:52.615Z] >>> [apiv2][query] GET https://firebasedatabase.googleapis.com/v1beta/projects/ava-sms/locations/-/instances/ava-sms-default-rtdb [none]
[debug] [2025-05-03T07:57:52.887Z] <<< [apiv2][status] GET https://firebasedatabase.googleapis.com/v1beta/projects/ava-sms/locations/-/instances/ava-sms-default-rtdb 200
[debug] [2025-05-03T07:57:52.887Z] <<< [apiv2][body] GET https://firebasedatabase.googleapis.com/v1beta/projects/ava-sms/locations/-/instances/ava-sms-default-rtdb {"name":"projects/776115198957/locations/us-central1/instances/ava-sms-default-rtdb","project":"projects/776115198957","databaseUrl":"https://ava-sms-default-rtdb.firebaseio.com","type":"DEFAULT_DATABASE","state":"ACTIVE"}
[debug] [2025-05-03T07:57:52.894Z] Checked if tokens are valid: true, expires at: 1746260495057
[debug] [2025-05-03T07:57:52.894Z] Checked if tokens are valid: true, expires at: 1746260495057
[debug] [2025-05-03T07:57:52.899Z] >>> [apiv2][query] PUT https://ava-sms-default-rtdb.firebaseio.com/.settings/rules.json dryRun=true
[debug] [2025-05-03T07:57:52.899Z] >>> [apiv2][body] PUT https://ava-sms-default-rtdb.firebaseio.com/.settings/rules.json "{\n  /* Visit https://firebase.google.com/docs/database/security to learn more about security rules. */\n  \"rules\": {\n    \".read\": false,\n    \".write\": false\n  }\n}"
[debug] [2025-05-03T07:57:53.015Z] <<< [apiv2][status] PUT https://ava-sms-default-rtdb.firebaseio.com/.settings/rules.json 200
[debug] [2025-05-03T07:57:53.017Z] <<< [apiv2][body] PUT https://ava-sms-default-rtdb.firebaseio.com/.settings/rules.json {"status":"ok"}
[info] ✔  database: rules syntax for database ava-sms-default-rtdb is valid 
[info] i  storage: ensuring required API firebasestorage.googleapis.com is enabled... 
[debug] [2025-05-03T07:57:53.024Z] Checked if tokens are valid: true, expires at: 1746260495057
[debug] [2025-05-03T07:57:53.024Z] Checked if tokens are valid: true, expires at: 1746260495057
[debug] [2025-05-03T07:57:53.026Z] >>> [apiv2][query] GET https://serviceusage.googleapis.com/v1/projects/ava-sms/services/firebasestorage.googleapis.com [none]
[debug] [2025-05-03T07:57:53.026Z] >>> [apiv2][(partial)header] GET https://serviceusage.googleapis.com/v1/projects/ava-sms/services/firebasestorage.googleapis.com x-goog-quota-user=projects/ava-sms
[debug] [2025-05-03T07:57:53.353Z] <<< [apiv2][status] GET https://serviceusage.googleapis.com/v1/projects/ava-sms/services/firebasestorage.googleapis.com 200
[debug] [2025-05-03T07:57:53.359Z] <<< [apiv2][body] GET https://serviceusage.googleapis.com/v1/projects/ava-sms/services/firebasestorage.googleapis.com [omitted]
[info] ✔  storage: required API firebasestorage.googleapis.com is enabled 
[debug] [2025-05-03T07:57:53.362Z] Checked if tokens are valid: true, expires at: 1746260495057
[debug] [2025-05-03T07:57:53.363Z] Checked if tokens are valid: true, expires at: 1746260495057
[debug] [2025-05-03T07:57:53.365Z] >>> [apiv2][query] GET https://firebasestorage.googleapis.com/v1alpha/projects/ava-sms/defaultBucket [none]
[debug] [2025-05-03T07:57:53.649Z] <<< [apiv2][status] GET https://firebasestorage.googleapis.com/v1alpha/projects/ava-sms/defaultBucket 200
[debug] [2025-05-03T07:57:53.650Z] <<< [apiv2][body] GET https://firebasestorage.googleapis.com/v1alpha/projects/ava-sms/defaultBucket {"name":"projects/ava-sms/defaultBucket","location":"US-CENTRAL1","bucket":{"name":"projects/ava-sms/buckets/ava-sms.firebasestorage.app"},"storageClass":"REGIONAL"}
[info] i  firebase.storage: checking storage.rules for compilation errors... 
[debug] [2025-05-03T07:57:53.657Z] Checked if tokens are valid: true, expires at: 1746260495057
[debug] [2025-05-03T07:57:53.657Z] Checked if tokens are valid: true, expires at: 1746260495057
[debug] [2025-05-03T07:57:53.661Z] >>> [apiv2][query] POST https://firebaserules.googleapis.com/v1/projects/ava-sms:test [none]
[debug] [2025-05-03T07:57:53.661Z] >>> [apiv2][body] POST https://firebaserules.googleapis.com/v1/projects/ava-sms:test [omitted]
[debug] [2025-05-03T07:57:53.844Z] <<< [apiv2][status] POST https://firebaserules.googleapis.com/v1/projects/ava-sms:test 200
[debug] [2025-05-03T07:57:53.847Z] <<< [apiv2][body] POST https://firebaserules.googleapis.com/v1/projects/ava-sms:test {}
[info] ✔  firebase.storage: rules file storage.rules compiled successfully 
[debug] [2025-05-03T07:57:53.852Z] Checked if tokens are valid: true, expires at: 1746260495057
[debug] [2025-05-03T07:57:53.852Z] Checked if tokens are valid: true, expires at: 1746260495057
[debug] [2025-05-03T07:57:53.853Z] >>> [apiv2][query] GET https://cloudresourcemanager.googleapis.com/v1/projects/ava-sms [none]
[debug] [2025-05-03T07:57:53.950Z] <<< [apiv2][status] GET https://cloudresourcemanager.googleapis.com/v1/projects/ava-sms 200
[debug] [2025-05-03T07:57:53.953Z] <<< [apiv2][body] GET https://cloudresourcemanager.googleapis.com/v1/projects/ava-sms {"projectNumber":"776115198957","projectId":"ava-sms","lifecycleState":"ACTIVE","name":"ava sms","labels":{"generative-language":"enabled","firebase":"enabled","firebase-core":"disabled"},"createTime":"2025-04-13T02:50:25.438482Z"}
[debug] [2025-05-03T07:57:53.954Z] Checked if tokens are valid: true, expires at: 1746260495057
[debug] [2025-05-03T07:57:53.954Z] Checked if tokens are valid: true, expires at: 1746260495057
[debug] [2025-05-03T07:57:53.954Z] >>> [apiv2][query] GET https://firebaseremoteconfig.googleapis.com/v1/projects/776115198957/remoteConfig 
[debug] [2025-05-03T07:57:54.224Z] <<< [apiv2][status] GET https://firebaseremoteconfig.googleapis.com/v1/projects/776115198957/remoteConfig 200
[debug] [2025-05-03T07:57:54.224Z] <<< [apiv2][body] GET https://firebaseremoteconfig.googleapis.com/v1/projects/776115198957/remoteConfig {"version":{"versionNumber":"1","updateTime":"2025-05-03T07:29:48.856432Z","updateUser":{"email":"merandafreiner3@gmail.com"},"updateOrigin":"REST_API","updateType":"INCREMENTAL_UPDATE"}}
[info] i  extensions: ensuring required API firebaseextensions.googleapis.com is enabled... 
[debug] [2025-05-03T07:57:54.228Z] Checked if tokens are valid: true, expires at: 1746260495057
[debug] [2025-05-03T07:57:54.228Z] Checked if tokens are valid: true, expires at: 1746260495057
[debug] [2025-05-03T07:57:54.228Z] >>> [apiv2][query] GET https://serviceusage.googleapis.com/v1/projects/ava-sms/services/firebaseextensions.googleapis.com [none]
[debug] [2025-05-03T07:57:54.228Z] >>> [apiv2][(partial)header] GET https://serviceusage.googleapis.com/v1/projects/ava-sms/services/firebaseextensions.googleapis.com x-goog-quota-user=projects/ava-sms
[debug] [2025-05-03T07:57:54.473Z] <<< [apiv2][status] GET https://serviceusage.googleapis.com/v1/projects/ava-sms/services/firebaseextensions.googleapis.com 200
[debug] [2025-05-03T07:57:54.473Z] <<< [apiv2][body] GET https://serviceusage.googleapis.com/v1/projects/ava-sms/services/firebaseextensions.googleapis.com [omitted]
[info] ✔  extensions: required API firebaseextensions.googleapis.com is enabled 
[debug] [2025-05-03T07:57:54.473Z] > command requires scopes: ["email","openid","https://www.googleapis.com/auth/cloudplatformprojects.readonly","https://www.googleapis.com/auth/firebase","https://www.googleapis.com/auth/cloud-platform"]
[debug] [2025-05-03T07:57:54.475Z] > authorizing via signed-in user (merandafreiner3@gmail.com)
[debug] [2025-05-03T07:57:54.475Z] [iam] checking project ava-sms for permissions ["firebase.projects.get","firebaseextensions.instances.list"]
[debug] [2025-05-03T07:57:54.475Z] Checked if tokens are valid: true, expires at: 1746260495057
[debug] [2025-05-03T07:57:54.475Z] Checked if tokens are valid: true, expires at: 1746260495057
[debug] [2025-05-03T07:57:54.475Z] >>> [apiv2][query] POST https://cloudresourcemanager.googleapis.com/v1/projects/ava-sms:testIamPermissions [none]
[debug] [2025-05-03T07:57:54.475Z] >>> [apiv2][(partial)header] POST https://cloudresourcemanager.googleapis.com/v1/projects/ava-sms:testIamPermissions x-goog-quota-user=projects/ava-sms
[debug] [2025-05-03T07:57:54.475Z] >>> [apiv2][body] POST https://cloudresourcemanager.googleapis.com/v1/projects/ava-sms:testIamPermissions {"permissions":["firebase.projects.get","firebaseextensions.instances.list"]}
[debug] [2025-05-03T07:57:54.526Z] <<< [apiv2][status] POST https://cloudresourcemanager.googleapis.com/v1/projects/ava-sms:testIamPermissions 200
[debug] [2025-05-03T07:57:54.527Z] <<< [apiv2][body] POST https://cloudresourcemanager.googleapis.com/v1/projects/ava-sms:testIamPermissions {"permissions":["firebase.projects.get","firebaseextensions.instances.list"]}
[debug] [2025-05-03T07:57:54.528Z] Checked if tokens are valid: true, expires at: 1746260495057
[debug] [2025-05-03T07:57:54.528Z] Checked if tokens are valid: true, expires at: 1746260495057
[debug] [2025-05-03T07:57:54.529Z] >>> [apiv2][query] GET https://firebaseextensions.googleapis.com/v1beta/projects/ava-sms/instances pageSize=100&pageToken=
[debug] [2025-05-03T07:57:54.796Z] <<< [apiv2][status] GET https://firebaseextensions.googleapis.com/v1beta/projects/ava-sms/instances 200
[debug] [2025-05-03T07:57:54.797Z] <<< [apiv2][body] GET https://firebaseextensions.googleapis.com/v1beta/projects/ava-sms/instances {}
[info] i  extensions: ensuring required API compute.googleapis.com is enabled... 
[debug] [2025-05-03T07:57:54.800Z] Checked if tokens are valid: true, expires at: 1746260495057
[debug] [2025-05-03T07:57:54.800Z] Checked if tokens are valid: true, expires at: 1746260495057
[debug] [2025-05-03T07:57:54.801Z] >>> [apiv2][query] GET https://serviceusage.googleapis.com/v1/projects/ava-sms/services/compute.googleapis.com [none]
[debug] [2025-05-03T07:57:54.801Z] >>> [apiv2][(partial)header] GET https://serviceusage.googleapis.com/v1/projects/ava-sms/services/compute.googleapis.com x-goog-quota-user=projects/ava-sms
[debug] [2025-05-03T07:57:55.185Z] <<< [apiv2][status] GET https://serviceusage.googleapis.com/v1/projects/ava-sms/services/compute.googleapis.com 200
[debug] [2025-05-03T07:57:55.186Z] <<< [apiv2][body] GET https://serviceusage.googleapis.com/v1/projects/ava-sms/services/compute.googleapis.com [omitted]
[info] ✔  extensions: required API compute.googleapis.com is enabled 
[debug] [2025-05-03T07:57:55.186Z] Checked if tokens are valid: true, expires at: 1746260495057
[debug] [2025-05-03T07:57:55.187Z] Checked if tokens are valid: true, expires at: 1746260495057
[debug] [2025-05-03T07:57:55.187Z] >>> [apiv2][query] GET https://cloudresourcemanager.googleapis.com/v1/projects/ava-sms [none]
[debug] [2025-05-03T07:57:55.277Z] <<< [apiv2][status] GET https://cloudresourcemanager.googleapis.com/v1/projects/ava-sms 200
[debug] [2025-05-03T07:57:55.278Z] <<< [apiv2][body] GET https://cloudresourcemanager.googleapis.com/v1/projects/ava-sms {"projectNumber":"776115198957","projectId":"ava-sms","lifecycleState":"ACTIVE","name":"ava sms","labels":{"generative-language":"enabled","firebase":"enabled","firebase-core":"disabled"},"createTime":"2025-04-13T02:50:25.438482Z"}
[debug] [2025-05-03T07:57:55.279Z] Checked if tokens are valid: true, expires at: 1746260495057
[debug] [2025-05-03T07:57:55.279Z] Checked if tokens are valid: true, expires at: 1746260495057
[debug] [2025-05-03T07:57:55.279Z] >>> [apiv2][query] POST https://cloudresourcemanager.googleapis.com/v1/projects/ava-sms:getIamPolicy [none]
[debug] [2025-05-03T07:57:55.483Z] <<< [apiv2][status] POST https://cloudresourcemanager.googleapis.com/v1/projects/ava-sms:getIamPolicy 200
[debug] [2025-05-03T07:57:55.486Z] <<< [apiv2][body] POST https://cloudresourcemanager.googleapis.com/v1/projects/ava-sms:getIamPolicy {"version":1,"etag":"BwY0NjsPqSg=","bindings":[{"role":"roles/accessapproval.approver","members":["serviceAccount:merandafreiner3@ava-sms.iam.gserviceaccount.com"]},{"role":"roles/aiplatform.colabServiceAgent","members":["serviceAccount:service-776115198957@gcp-sa-vertex-nb.iam.gserviceaccount.com"]},{"role":"roles/aiplatform.notebookServiceAgent","members":["serviceAccount:service-776115198957@gcp-sa-aiplatform-vm.iam.gserviceaccount.com"]},{"role":"roles/aiplatform.serviceAgent","members":["serviceAccount:service-776115198957@gcp-sa-aiplatform.iam.gserviceaccount.com"]},{"role":"roles/artifactregistry.serviceAgent","members":["serviceAccount:service-776115198957@gcp-sa-artifactregistry.iam.gserviceaccount.com"]},{"role":"roles/artifactregistry.writer","members":["serviceAccount:776115198957-compute@developer.gserviceaccount.com"]},{"role":"roles/binaryauthorization.serviceAgent","members":["serviceAccount:service-776115198957@gcp-sa-binaryauthorization.iam.gserviceaccount.com"]},{"role":"roles/cloudaicompanion.serviceAgent","members":["serviceAccount:service-776115198957@gcp-sa-cloudaicompanion.iam.gserviceaccount.com"]},{"role":"roles/cloudbuild.builds.builder","members":["serviceAccount:776115198957@cloudbuild.gserviceaccount.com"]},{"role":"roles/cloudbuild.serviceAgent","members":["serviceAccount:service-776115198957@gcp-sa-cloudbuild.iam.gserviceaccount.com"]},{"role":"roles/cloudfunctions.serviceAgent","members":["serviceAccount:service-776115198957@gcf-admin-robot.iam.gserviceaccount.com"]},{"role":"roles/compute.admin","members":["serviceAccount:merandafreiner3@ava-sms.iam.gserviceaccount.com"]},{"role":"roles/compute.loadBalancerAdmin","members":["serviceAccount:merandafreiner3@ava-sms.iam.gserviceaccount.com"]},{"role":"roles/compute.serviceAgent","members":["serviceAccount:merandafreiner3@ava-sms.iam.gserviceaccount.com","serviceAccount:service-776115198957@compute-system.iam.gserviceaccount.com"]},{"role":"roles/container.serviceAgent","members":["serviceAccount:service-776115198957@container-engine-robot.iam.gserviceaccount.com"]},{"role":"roles/containeranalysis.ServiceAgent","members":["serviceAccount:service-776115198957@container-analysis.iam.gserviceaccount.com"]},{"role":"roles/containerregistry.ServiceAgent","members":["serviceAccount:service-776115198957@containerregistry.iam.gserviceaccount.com"]},{"role":"roles/dataform.serviceAgent","members":["serviceAccount:service-776115198957@gcp-sa-dataform.iam.gserviceaccount.com"]},{"role":"roles/dns.serviceAgent","members":["serviceAccount:service-776115198957@gcp-sa-dns.iam.gserviceaccount.com"]},{"role":"roles/domains.admin","members":["serviceAccount:merandafreiner3@ava-sms.iam.gserviceaccount.com"]},{"role":"roles/editor","members":["serviceAccount:776115198957-compute@developer.gserviceaccount.com","serviceAccount:776115198957@cloudservices.gserviceaccount.com","serviceAccount:ava-sms@appspot.gserviceaccount.com"]},{"role":"roles/eventarc.eventReceiver","members":["serviceAccount:776115198957-compute@developer.gserviceaccount.com"]},{"role":"roles/firebase.managementServiceAgent","members":["serviceAccount:service-776115198957@gcp-sa-firebase.iam.gserviceaccount.com"]},{"role":"roles/firebase.sdkAdminServiceAgent","members":["serviceAccount:firebase-adminsdk-fbsvc@ava-sms.iam.gserviceaccount.com"]},{"role":"roles/firebasedataconnect.serviceAgent","members":["serviceAccount:service-776115198957@gcp-sa-firebasedataconnect.iam.gserviceaccount.com"]},{"role":"roles/firebasemods.serviceAgent","members":["serviceAccount:service-776115198957@gcp-sa-firebasemods.iam.gserviceaccount.com"]},{"role":"roles/firebaserules.firestoreServiceAgent","members":["serviceAccount:service-776115198957@gcp-sa-firebasestorage.iam.gserviceaccount.com"]},{"role":"roles/firebaserules.system","members":["serviceAccount:service-776115198957@firebase-rules.iam.gserviceaccount.com"]},{"role":"roles/firebasestorage.serviceAgent","members":["serviceAccount:service-776115198957@gcp-sa-firebasestorage.iam.gserviceaccount.com"]},{"role":"roles/firestore.serviceAgent","members":["serviceAccount:service-776115198957@gcp-sa-firestore.iam.gserviceaccount.com"]},{"role":"roles/iam.serviceAccountKeyAdmin","members":["serviceAccount:merandafreiner3@ava-sms.iam.gserviceaccount.com"]},{"role":"roles/iam.serviceAccountTokenCreator","members":["serviceAccount:firebase-adminsdk-fbsvc@ava-sms.iam.gserviceaccount.com"]},{"role":"roles/iam.serviceAccountUser","members":["serviceAccount:776115198957-compute@developer.gserviceaccount.com","serviceAccount:github-actions@ava-sms.iam.gserviceaccount.com"]},{"role":"roles/logging.logWriter","members":["serviceAccount:776115198957-compute@developer.gserviceaccount.com"]},{"role":"roles/owner","members":["user:meranda@im-aiautomation.com","user:merandafreiner3@gmail.com"]},{"role":"roles/pubsub.serviceAgent","members":["serviceAccount:service-776115198957@gcp-sa-pubsub.iam.gserviceaccount.com"]},{"role":"roles/run.admin","members":["serviceAccount:776115198957-compute@developer.gserviceaccount.com","serviceAccount:github-actions@ava-sms.iam.gserviceaccount.com"]},{"role":"roles/run.developer","members":["user:1RobertoMejia@gmail.com"]},{"role":"roles/run.serviceAgent","members":["serviceAccount:service-776115198957@serverless-robot-prod.iam.gserviceaccount.com"]},{"role":"roles/saasservicemgmt.serviceAgent","members":["serviceAccount:service-776115198957@gcp-sa-saasservicemgmt.iam.gserviceaccount.com"]},{"role":"roles/servicenetworking.networksAdmin","members":["serviceAccount:merandafreiner3@ava-sms.iam.gserviceaccount.com"]},{"role":"roles/storage.admin","members":["serviceAccount:firebase-adminsdk-fbsvc@ava-sms.iam.gserviceaccount.com","serviceAccount:github-actions@ava-sms.iam.gserviceaccount.com"]},{"role":"roles/vmwareengine.vmwareengineAdmin","members":["serviceAccount:merandafreiner3@ava-sms.iam.gserviceaccount.com"]},{"role":"roles/vpcaccess.admin","members":["serviceAccount:merandafreiner3@ava-sms.iam.gserviceaccount.com"]}]}
[debug] [2025-05-03T07:57:55.486Z] Compute Service API Agent IAM policy OK
[debug] [2025-05-03T07:57:55.487Z] > command requires scopes: ["email","openid","https://www.googleapis.com/auth/cloudplatformprojects.readonly","https://www.googleapis.com/auth/firebase","https://www.googleapis.com/auth/cloud-platform"]
[debug] [2025-05-03T07:57:55.487Z] > authorizing via signed-in user (merandafreiner3@gmail.com)
[debug] [2025-05-03T07:57:55.492Z] [iam] checking project ava-sms for permissions ["firebase.projects.get"]
[debug] [2025-05-03T07:57:55.492Z] Checked if tokens are valid: true, expires at: 1746260495057
[debug] [2025-05-03T07:57:55.492Z] Checked if tokens are valid: true, expires at: 1746260495057
[debug] [2025-05-03T07:57:55.493Z] >>> [apiv2][query] POST https://cloudresourcemanager.googleapis.com/v1/projects/ava-sms:testIamPermissions [none]
[debug] [2025-05-03T07:57:55.493Z] >>> [apiv2][(partial)header] POST https://cloudresourcemanager.googleapis.com/v1/projects/ava-sms:testIamPermissions x-goog-quota-user=projects/ava-sms
[debug] [2025-05-03T07:57:55.493Z] >>> [apiv2][body] POST https://cloudresourcemanager.googleapis.com/v1/projects/ava-sms:testIamPermissions {"permissions":["firebase.projects.get"]}
[debug] [2025-05-03T07:57:55.536Z] <<< [apiv2][status] POST https://cloudresourcemanager.googleapis.com/v1/projects/ava-sms:testIamPermissions 200
[debug] [2025-05-03T07:57:55.537Z] <<< [apiv2][body] POST https://cloudresourcemanager.googleapis.com/v1/projects/ava-sms:testIamPermissions {"permissions":["firebase.projects.get"]}
[debug] [2025-05-03T07:57:55.537Z] Checking if latest AppDeveloper TOS has been accepted by ava-sms...
[info] i  extensions: By installing an extension instance onto a Firebase project, you accept the Firebase Extensions User Terms of Service: https://firebase.google.com/terms/extensions/user 
[debug] [2025-05-03T07:57:55.538Z] Checked if tokens are valid: true, expires at: 1746260495057
[debug] [2025-05-03T07:57:55.538Z] Checked if tokens are valid: true, expires at: 1746260495057
[debug] [2025-05-03T07:57:55.538Z] >>> [apiv2][query] GET https://firebaseextensionstos-pa.googleapis.com/v1/projects/ava-sms/appdevtos [none]
[debug] [2025-05-03T07:57:55.757Z] <<< [apiv2][status] GET https://firebaseextensionstos-pa.googleapis.com/v1/projects/ava-sms/appdevtos 200
[debug] [2025-05-03T07:57:55.759Z] <<< [apiv2][body] GET https://firebaseextensionstos-pa.googleapis.com/v1/projects/ava-sms/appdevtos {"name":"projects/ava-sms/appdevtos","latestTosVersion":"v1"}
